<?xml version="1.0" encoding="UTF-8"?>
<!-- Generated by org.testng.reporters.JUnitReportReporter -->
<testsuite hostname="NOORAZ" failures="0" tests="1" name="test.Pro_ResetPageTest" time="10.942" errors="0" timestamp="2024-06-15T16:14:32 IST" skipped="0">
  <testcase classname="test.Pro_ResetPageTest" name="verifyErrorMessageWithInvalidEmailId" time="10.942"/>
</testsuite> <!-- test.Pro_ResetPageTest -->
